<?xml version="1.0" encoding="UTF-8"?>
<!-- Generated by org.testng.reporters.JUnitReportReporter -->
<testsuite hostname="LAPTOP-SUSV1NPI" failures="0" tests="1" name="TestRunner.TestRunner" time="57.087" errors="1" timestamp="2025-03-06T15:08:09 IST" skipped="0">
  <testcase classname="TestRunner.TestRunner" name="runScenario" time="57.087">
    <error message="Cannot invoke &quot;org.openqa.selenium.SearchContext.findElement(org.openqa.selenium.By)&quot; because &quot;this.searchContext&quot; is null" type="java.lang.NullPointerException">
      <![CDATA[java.lang.NullPointerException: Cannot invoke "org.openqa.selenium.SearchContext.findElement(org.openqa.selenium.By)" because "this.searchContext" is null
at org.openqa.selenium.support.pagefactory.DefaultElementLocator.findElement(DefaultElementLocator.java:68)
at org.openqa.selenium.support.pagefactory.internal.LocatingElementHandler.invoke(LocatingElementHandler.java:38)
at jdk.proxy2/jdk.proxy2.$Proxy24.click(Unknown Source)
at Objects.checkOutInfoPage.continue_btn(checkOutInfoPage.java:63)
at POMStepDefinitions.yourInfo_StepDefinitions.click_on_continue_button(yourInfo_StepDefinitions.java:60)
at âœ½.click on continue button(file:///C:/Users/moham/OneDrive/Desktop/New%20folder/md%20shamshuddin/BDDFramework/src/test/resources/Features/checkoutOverview.feature:18)
]]>
    </error>
  </testcase> <!-- runScenario -->
  <system-out/>
</testsuite> <!-- TestRunner.TestRunner -->
