<?xml version="1.0" encoding="UTF-8"?>
<!-- Generated by org.testng.reporters.JUnitXMLReporter -->
<testsuite ignored="0" hostname="LAPTOP-SUSV1NPI" failures="1" tests="1" name="Default test" time="57.766" errors="0" timestamp="2025-03-06T15:08:09 IST">
  <testcase classname="io.cucumber.testng.AbstractTestNGCucumberTests" name="runScenario" time="57.087">
    <failure type="java.lang.NullPointerException" message="Cannot invoke &amp;quot;org.openqa.selenium.SearchContext.findElement(org.openqa.selenium.By)&amp;quot; because &amp;quot;this.searchContext&amp;quot; is null">
      <![CDATA[java.lang.NullPointerException: Cannot invoke "org.openqa.selenium.SearchContext.findElement(org.openqa.selenium.By)" because "this.searchContext" is null
at org.openqa.selenium.support.pagefactory.DefaultElementLocator.findElement(DefaultElementLocator.java:68)
at org.openqa.selenium.support.pagefactory.internal.LocatingElementHandler.invoke(LocatingElementHandler.java:38)
at jdk.proxy2/jdk.proxy2.$Proxy24.click(Unknown Source)
at Objects.checkOutInfoPage.continue_btn(checkOutInfoPage.java:63)
at POMStepDefinitions.yourInfo_StepDefinitions.click_on_continue_button(yourInfo_StepDefinitions.java:60)
at âœ½.click on continue button(file:///C:/Users/moham/OneDrive/Desktop/New%20folder/md%20shamshuddin/BDDFramework/src/test/resources/Features/checkoutOverview.feature:18)
]]>
    </failure>
  </testcase> <!-- runScenario -->
</testsuite> <!-- Default test -->
